0 info it worked if it ends with ok
1 verbose cli [ '/usr/local/Cellar/node/5.0.0/bin/node',
1 verbose cli   '/usr/local/bin/npm',
1 verbose cli   'run',
1 verbose cli   'dev' ]
2 info using npm@3.3.9
3 info using node@v5.0.0
4 verbose run-script [ 'predev', 'dev', 'postdev' ]
5 info lifecycle addinfo@0.0.1~predev: addinfo@0.0.1
6 silly lifecycle addinfo@0.0.1~predev: no script for predev, continuing
7 info lifecycle addinfo@0.0.1~dev: addinfo@0.0.1
8 verbose lifecycle addinfo@0.0.1~dev: unsafe-perm in lifecycle true
9 verbose lifecycle addinfo@0.0.1~dev: PATH: /usr/local/lib/node_modules/npm/bin/node-gyp-bin:/Users/dingyiming/imeLocal/西祠/【西祠】任务/2015/12月/xc-20151203-addinfo/frontend/node_modules/.bin:/usr/local/bin:/usr/bin:/bin:/usr/sbin:/sbin
10 verbose lifecycle addinfo@0.0.1~dev: CWD: /Users/dingyiming/imeLocal/西祠/【西祠】任务/2015/12月/xc-20151203-addinfo/frontend
11 silly lifecycle addinfo@0.0.1~dev: Args: [ '-c', 'webpack-dev-server --inline --hot --quiet' ]
12 silly lifecycle addinfo@0.0.1~dev: Returned: code: 1  signal: null
13 info lifecycle addinfo@0.0.1~dev: Failed to exec dev script
14 verbose stack Error: addinfo@0.0.1 dev: `webpack-dev-server --inline --hot --quiet`
14 verbose stack Exit status 1
14 verbose stack     at EventEmitter.<anonymous> (/usr/local/lib/node_modules/npm/lib/utils/lifecycle.js:233:16)
14 verbose stack     at emitTwo (events.js:87:13)
14 verbose stack     at EventEmitter.emit (events.js:172:7)
14 verbose stack     at ChildProcess.<anonymous> (/usr/local/lib/node_modules/npm/lib/utils/spawn.js:24:14)
14 verbose stack     at emitTwo (events.js:87:13)
14 verbose stack     at ChildProcess.emit (events.js:172:7)
14 verbose stack     at maybeClose (internal/child_process.js:818:16)
14 verbose stack     at Process.ChildProcess._handle.onexit (internal/child_process.js:211:5)
15 verbose pkgid addinfo@0.0.1
16 verbose cwd /Users/dingyiming/imeLocal/西祠/【西祠】任务/2015/12月/xc-20151203-addinfo/frontend
17 error Darwin 15.0.0
18 error argv "/usr/local/Cellar/node/5.0.0/bin/node" "/usr/local/bin/npm" "run" "dev"
19 error node v5.0.0
20 error npm  v3.3.9
21 error code ELIFECYCLE
22 error addinfo@0.0.1 dev: `webpack-dev-server --inline --hot --quiet`
22 error Exit status 1
23 error Failed at the addinfo@0.0.1 dev script 'webpack-dev-server --inline --hot --quiet'.
23 error This is most likely a problem with the addinfo package,
23 error not with npm itself.
23 error Tell the author that this fails on your system:
23 error     webpack-dev-server --inline --hot --quiet
23 error You can get their info via:
23 error     npm owner ls addinfo
23 error There is likely additional logging output above.
24 verbose exit [ 1, true ]
